Arguments: 
  /usr/local/bin/node /usr/local/Cellar/yarn/1.15.2/libexec/bin/yarn.js install

PATH: 
  /usr/local/bin:/usr/bin:/bin:/usr/sbin:/sbin:/Users/jorgemoller/.rvm/bin

Yarn version: 
  1.15.2

Node version: 
  12.14.1

Platform: 
  darwin x64

Trace: 
  Error: Failed to replace env in config: ${REMIX_REGISTRY_TOKEN}
      at /usr/local/Cellar/yarn/1.15.2/libexec/lib/cli.js:98047:13
      at String.replace (<anonymous>)
      at envReplace (/usr/local/Cellar/yarn/1.15.2/libexec/lib/cli.js:98042:16)
      at Function.normalizeConfig (/usr/local/Cellar/yarn/1.15.2/libexec/lib/cli.js:31793:69)
      at NpmRegistry.<anonymous> (/usr/local/Cellar/yarn/1.15.2/libexec/lib/cli.js:31823:34)
      at Generator.next (<anonymous>)
      at step (/usr/local/Cellar/yarn/1.15.2/libexec/lib/cli.js:304:30)
      at /usr/local/Cellar/yarn/1.15.2/libexec/lib/cli.js:315:13

npm manifest: 
  {
    "name": "remix-starter-express",
    "version": "1.0.0",
    "scripts": {
      "build": "cross-env NODE_ENV=production remix build && tsc -b",
      "dev": "concurrently \"remix run\" \"tsc -b -w\" \"nodemon --ignore app server.js\"",
      "start": "cross-env NODE_ENV=production node server.js"
    },
    "dependencies": {
      "@remix-run/cli": "^0.6.2",
      "@remix-run/express": "^0.6.2",
      "@remix-run/loader": "^0.6.2",
      "@remix-run/react": "^0.6.2",
      "express": "^4.17.1",
      "morgan": "^1.10.0",
      "react": "^16.14.0",
      "react-dom": "^16.14.0",
      "react-router": "^6.0.0-beta.0",
      "react-router-dom": "^6.0.0-beta.0"
    },
    "devDependencies": {
      "@types/react": "^16.9.53",
      "@types/react-dom": "^16.9.8",
      "concurrently": "^5.3.0",
      "cross-env": "^7.0.2",
      "nodemon": "^2.0.5",
      "typescript": "^4.0.3"
    },
    "engines": {
      "node": "12"
    }
  }

yarn manifest: 
  No manifest

Lockfile: 
  No lockfile
